<?xml version="1.0" encoding="UTF-8"?>
<!-- Generated by org.testng.reporters.JUnitReportReporter -->
<testsuite hostname="Hello-69" failures="0" tests="3" name="com.tutorialninja.qa.testcases.LoginTest" time="11.327" errors="0" timestamp="2023-08-06T13:11:39 IST" skipped="0">
  <testcase classname="com.tutorialninja.qa.testcases.LoginTest" name="verifyLoginWithValidCredentials" time="3.864"/>
  <system-out/>
  <testcase classname="com.tutorialninja.qa.testcases.LoginTest" name="verifyLoginWithValidCredentials" time="3.682"/>
  <system-out/>
  <testcase classname="com.tutorialninja.qa.testcases.LoginTest" name="verifyLoginWithInvalidCredentials" time="3.781"/>
  <system-out/>
</testsuite> <!-- com.tutorialninja.qa.testcases.LoginTest -->
