<?xml version="1.0" encoding="UTF-8"?>
<!-- Generated by org.testng.reporters.JUnitReportReporter -->
<testsuite hostname="Hello-69" failures="0" tests="4" name="com.tutorialninja.qa.testcases.RegisterTest" time="21.451" errors="0" timestamp="2023-08-06T13:11:39 IST" skipped="0">
  <testcase classname="com.tutorialninja.qa.testcases.RegisterTest" name="verifyRegisteringAccountWithMandatoryField" time="5.193"/>
  <system-out/>
  <testcase classname="com.tutorialninja.qa.testcases.RegisterTest" name="verifyRegisteringAccountByProvidingAllFields" time="8.627"/>
  <system-out/>
  <testcase classname="com.tutorialninja.qa.testcases.RegisterTest" name="verifyRegisteringAccountWithExistingEmailAddress" time="4.030"/>
  <system-out/>
  <testcase classname="com.tutorialninja.qa.testcases.RegisterTest" name="verifyRegisteringAccountWithoutFillingAnyDetails" time="3.601"/>
  <system-out/>
</testsuite> <!-- com.tutorialninja.qa.testcases.RegisterTest -->
