<?xml version="1.0" encoding="UTF-8"?>
<!-- Generated by org.testng.reporters.JUnitReportReporter -->
<testsuite hostname="Hello-69" failures="0" tests="3" name="com.tutorialninja.qa.testcases.SearchTest" time="9.442" errors="0" timestamp="2023-08-06T13:11:39 IST" skipped="0">
  <testcase classname="com.tutorialninja.qa.testcases.SearchTest" name="verifySearchWithValidProduct" time="3.159"/>
  <system-out/>
  <testcase classname="com.tutorialninja.qa.testcases.SearchTest" name="verifySearchwithInvalidProduct" time="3.174"/>
  <system-out/>
  <testcase classname="com.tutorialninja.qa.testcases.SearchTest" name="verifySearchWithoutAnyProduct" time="3.109"/>
  <system-out/>
</testsuite> <!-- com.tutorialninja.qa.testcases.SearchTest -->
